<?xml version="1.0" encoding="UTF-8"?>
<coverage generated="1725443318991" clover="3.2.0">
  <project timestamp="1725443318992" name="All files">
    <metrics statements="30" coveredstatements="27" conditionals="0" coveredconditionals="0" methods="6" coveredmethods="5" elements="36" coveredelements="32" complexity="0" loc="30" ncloc="30" packages="1" files="1" classes="1"/>
    <file name="server.js" path="C:\IITC\SQL_NODE\server.js">
      <metrics statements="30" coveredstatements="27" conditionals="0" coveredconditionals="0" methods="6" coveredmethods="5"/>
      <line num="1" count="1" type="stmt"/>
      <line num="2" count="1" type="stmt"/>
      <line num="3" count="1" type="stmt"/>
      <line num="4" count="1" type="stmt"/>
      <line num="6" count="1" type="stmt"/>
      <line num="7" count="1" type="stmt"/>
      <line num="9" count="1" type="stmt"/>
      <line num="25" count="1" type="stmt"/>
      <line num="26" count="1" type="stmt"/>
      <line num="29" count="1" type="stmt"/>
      <line num="30" count="2" type="stmt"/>
      <line num="33" count="1" type="stmt"/>
      <line num="39" count="1" type="stmt"/>
      <line num="40" count="1" type="stmt"/>
      <line num="41" count="1" type="stmt"/>
      <line num="44" count="1" type="stmt"/>
      <line num="50" count="1" type="stmt"/>
      <line num="51" count="1" type="stmt"/>
      <line num="52" count="1" type="stmt"/>
      <line num="56" count="1" type="stmt"/>
      <line num="57" count="2" type="stmt"/>
      <line num="64" count="2" type="stmt"/>
      <line num="65" count="2" type="stmt"/>
      <line num="71" count="2" type="stmt"/>
      <line num="77" count="2" type="stmt"/>
      <line num="85" count="0" type="stmt"/>
      <line num="86" count="0" type="stmt"/>
      <line num="91" count="1" type="stmt"/>
      <line num="92" count="0" type="stmt"/>
      <line num="95" count="1" type="stmt"/>
    </file>
  </project>
</coverage>
