TN:
SF:server.js
FN:25,(anonymous_0)
FN:29,(anonymous_1)
FN:39,(anonymous_2)
FN:50,(anonymous_3)
FN:56,(anonymous_4)
FN:91,(anonymous_5)
FNF:6
FNH:5
FNDA:1,(anonymous_0)
FNDA:2,(anonymous_1)
FNDA:1,(anonymous_2)
FNDA:1,(anonymous_3)
FNDA:2,(anonymous_4)
FNDA:0,(anonymous_5)
DA:1,1
DA:2,1
DA:3,1
DA:4,1
DA:6,1
DA:7,1
DA:9,1
DA:25,1
DA:26,1
DA:29,1
DA:30,2
DA:33,1
DA:39,1
DA:40,1
DA:41,1
DA:44,1
DA:50,1
DA:51,1
DA:52,1
DA:56,1
DA:57,2
DA:64,2
DA:65,2
DA:71,2
DA:77,2
DA:85,0
DA:86,0
DA:91,1
DA:92,0
DA:95,1
LF:30
LH:27
BRF:0
BRH:0
end_of_record
